CRITICAL - 2020-10-02 03:34:43 --> Decrypting: authentication failed.
#0 C:\xampp\htdocs\techorigin_works\moe_slip\vendor\codeigniter4\framework\system\Encryption\Handlers\OpenSSLHandler.php(159): CodeIgniter\Encryption\Exceptions\EncryptionException::forAuthenticationFailed()
#1 C:\xampp\htdocs\techorigin_works\moe_slip\app\Models\UserModel.php(40): CodeIgniter\Encryption\Handlers\OpenSSLHandler->decrypt('')
#2 C:\xampp\htdocs\techorigin_works\moe_slip\app\Models\UserModel.php(31): App\Models\UserModel->signInWithSession()
#3 C:\xampp\htdocs\techorigin_works\moe_slip\app\Models\UserModel.php(22): App\Models\UserModel->checkSignIn()
#4 C:\xampp\htdocs\techorigin_works\moe_slip\app\Controllers\Pages.php(9): App\Models\UserModel->__construct()
#5 C:\xampp\htdocs\techorigin_works\moe_slip\vendor\codeigniter4\framework\system\CodeIgniter.php(890): App\Controllers\Pages->__construct()
#6 C:\xampp\htdocs\techorigin_works\moe_slip\vendor\codeigniter4\framework\system\CodeIgniter.php(399): CodeIgniter\CodeIgniter->createController()
#7 C:\xampp\htdocs\techorigin_works\moe_slip\vendor\codeigniter4\framework\system\CodeIgniter.php(312): CodeIgniter\CodeIgniter->handleRequest(NULL, Object(Config\Cache), false)
#8 C:\xampp\htdocs\techorigin_works\moe_slip\public\index.php(45): CodeIgniter\CodeIgniter->run()
#9 C:\xampp\htdocs\techorigin_works\moe_slip\vendor\codeigniter4\framework\system\Commands\Server\rewrite.php(34): require_once('C:\\xampp\\htdocs...')
#10 {main}
CRITICAL - 2020-10-02 03:34:59 --> Decrypting: authentication failed.
#0 C:\xampp\htdocs\techorigin_works\moe_slip\vendor\codeigniter4\framework\system\Encryption\Handlers\OpenSSLHandler.php(159): CodeIgniter\Encryption\Exceptions\EncryptionException::forAuthenticationFailed()
#1 C:\xampp\htdocs\techorigin_works\moe_slip\app\Models\UserModel.php(40): CodeIgniter\Encryption\Handlers\OpenSSLHandler->decrypt('')
#2 C:\xampp\htdocs\techorigin_works\moe_slip\app\Models\UserModel.php(31): App\Models\UserModel->signInWithSession()
#3 C:\xampp\htdocs\techorigin_works\moe_slip\app\Models\UserModel.php(22): App\Models\UserModel->checkSignIn()
#4 C:\xampp\htdocs\techorigin_works\moe_slip\app\Controllers\Pages.php(9): App\Models\UserModel->__construct()
#5 C:\xampp\htdocs\techorigin_works\moe_slip\vendor\codeigniter4\framework\system\CodeIgniter.php(890): App\Controllers\Pages->__construct()
#6 C:\xampp\htdocs\techorigin_works\moe_slip\vendor\codeigniter4\framework\system\CodeIgniter.php(399): CodeIgniter\CodeIgniter->createController()
#7 C:\xampp\htdocs\techorigin_works\moe_slip\vendor\codeigniter4\framework\system\CodeIgniter.php(312): CodeIgniter\CodeIgniter->handleRequest(NULL, Object(Config\Cache), false)
#8 C:\xampp\htdocs\techorigin_works\moe_slip\public\index.php(45): CodeIgniter\CodeIgniter->run()
#9 C:\xampp\htdocs\techorigin_works\moe_slip\vendor\codeigniter4\framework\system\Commands\Server\rewrite.php(34): require_once('C:\\xampp\\htdocs...')
#10 {main}
CRITICAL - 2020-10-02 03:35:16 --> Decrypting: authentication failed.
#0 C:\xampp\htdocs\techorigin_works\moe_slip\vendor\codeigniter4\framework\system\Encryption\Handlers\OpenSSLHandler.php(159): CodeIgniter\Encryption\Exceptions\EncryptionException::forAuthenticationFailed()
#1 C:\xampp\htdocs\techorigin_works\moe_slip\app\Models\UserModel.php(41): CodeIgniter\Encryption\Handlers\OpenSSLHandler->decrypt('')
#2 C:\xampp\htdocs\techorigin_works\moe_slip\app\Models\UserModel.php(32): App\Models\UserModel->signInWithSession()
#3 C:\xampp\htdocs\techorigin_works\moe_slip\app\Models\UserModel.php(23): App\Models\UserModel->checkSignIn()
#4 C:\xampp\htdocs\techorigin_works\moe_slip\app\Controllers\Pages.php(9): App\Models\UserModel->__construct()
#5 C:\xampp\htdocs\techorigin_works\moe_slip\vendor\codeigniter4\framework\system\CodeIgniter.php(890): App\Controllers\Pages->__construct()
#6 C:\xampp\htdocs\techorigin_works\moe_slip\vendor\codeigniter4\framework\system\CodeIgniter.php(399): CodeIgniter\CodeIgniter->createController()
#7 C:\xampp\htdocs\techorigin_works\moe_slip\vendor\codeigniter4\framework\system\CodeIgniter.php(312): CodeIgniter\CodeIgniter->handleRequest(NULL, Object(Config\Cache), false)
#8 C:\xampp\htdocs\techorigin_works\moe_slip\public\index.php(45): CodeIgniter\CodeIgniter->run()
#9 C:\xampp\htdocs\techorigin_works\moe_slip\vendor\codeigniter4\framework\system\Commands\Server\rewrite.php(34): require_once('C:\\xampp\\htdocs...')
#10 {main}
CRITICAL - 2020-10-02 03:36:19 --> Decrypting: authentication failed.
#0 C:\xampp\htdocs\techorigin_works\moe_slip\vendor\codeigniter4\framework\system\Encryption\Handlers\OpenSSLHandler.php(159): CodeIgniter\Encryption\Exceptions\EncryptionException::forAuthenticationFailed()
#1 C:\xampp\htdocs\techorigin_works\moe_slip\app\Models\UserModel.php(40): CodeIgniter\Encryption\Handlers\OpenSSLHandler->decrypt('')
#2 C:\xampp\htdocs\techorigin_works\moe_slip\app\Models\UserModel.php(31): App\Models\UserModel->signInWithSession()
#3 C:\xampp\htdocs\techorigin_works\moe_slip\app\Models\UserModel.php(22): App\Models\UserModel->checkSignIn()
#4 C:\xampp\htdocs\techorigin_works\moe_slip\app\Filters\AuthUser.php(13): App\Models\UserModel->__construct()
#5 C:\xampp\htdocs\techorigin_works\moe_slip\vendor\codeigniter4\framework\system\Filters\Filters.php(173): App\Filters\AuthUser->before(Object(CodeIgniter\HTTP\IncomingRequest), NULL)
#6 C:\xampp\htdocs\techorigin_works\moe_slip\vendor\codeigniter4\framework\system\CodeIgniter.php(382): CodeIgniter\Filters\Filters->run('portals', 'before')
#7 C:\xampp\htdocs\techorigin_works\moe_slip\vendor\codeigniter4\framework\system\CodeIgniter.php(312): CodeIgniter\CodeIgniter->handleRequest(NULL, Object(Config\Cache), false)
#8 C:\xampp\htdocs\techorigin_works\moe_slip\public\index.php(45): CodeIgniter\CodeIgniter->run()
#9 C:\xampp\htdocs\techorigin_works\moe_slip\vendor\codeigniter4\framework\system\Commands\Server\rewrite.php(34): require_once('C:\\xampp\\htdocs...')
#10 {main}
CRITICAL - 2020-10-02 03:38:58 --> Undefined index: FLASH
#0 C:\xampp\htdocs\techorigin_works\moe_slip\app\Views\templates\flash.php(20): CodeIgniter\Debug\Exceptions->errorHandler(8, 'Undefined index...', 'C:\\xampp\\htdocs...', 20, Array)
#1 C:\xampp\htdocs\techorigin_works\moe_slip\app\Views\templates\footer.php(15): include_once('C:\\xampp\\htdocs...')
#2 C:\xampp\htdocs\techorigin_works\moe_slip\vendor\codeigniter4\framework\system\View\View.php(246): include('C:\\xampp\\htdocs...')
#3 C:\xampp\htdocs\techorigin_works\moe_slip\vendor\codeigniter4\framework\system\Common.php(1119): CodeIgniter\View\View->render('templates/foote...', Array, true)
#4 C:\xampp\htdocs\techorigin_works\moe_slip\app\Controllers\Portals.php(23): view('templates/foote...')
#5 C:\xampp\htdocs\techorigin_works\moe_slip\vendor\codeigniter4\framework\system\CodeIgniter.php(918): App\Controllers\Portals->index()
#6 C:\xampp\htdocs\techorigin_works\moe_slip\vendor\codeigniter4\framework\system\CodeIgniter.php(404): CodeIgniter\CodeIgniter->runController(Object(App\Controllers\Portals))
#7 C:\xampp\htdocs\techorigin_works\moe_slip\vendor\codeigniter4\framework\system\CodeIgniter.php(312): CodeIgniter\CodeIgniter->handleRequest(NULL, Object(Config\Cache), false)
#8 C:\xampp\htdocs\techorigin_works\moe_slip\public\index.php(45): CodeIgniter\CodeIgniter->run()
#9 C:\xampp\htdocs\techorigin_works\moe_slip\vendor\codeigniter4\framework\system\Commands\Server\rewrite.php(34): require_once('C:\\xampp\\htdocs...')
#10 {main}
CRITICAL - 2020-10-02 04:20:08 --> Unable to connect to the database.
#0 C:\xampp\htdocs\techorigin_works\moe_slip\vendor\codeigniter4\framework\system\Database\BaseConnection.php(646): CodeIgniter\Database\BaseConnection->initialize()
#1 C:\xampp\htdocs\techorigin_works\moe_slip\app\Models\UserModel.php(41): CodeIgniter\Database\BaseConnection->query('SELECT * FROM `...', Array)
#2 C:\xampp\htdocs\techorigin_works\moe_slip\app\Models\UserModel.php(31): App\Models\UserModel->signInWithSession()
#3 C:\xampp\htdocs\techorigin_works\moe_slip\app\Models\UserModel.php(22): App\Models\UserModel->checkSignIn()
#4 C:\xampp\htdocs\techorigin_works\moe_slip\app\Filters\AuthUser.php(13): App\Models\UserModel->__construct()
#5 C:\xampp\htdocs\techorigin_works\moe_slip\vendor\codeigniter4\framework\system\Filters\Filters.php(173): App\Filters\AuthUser->before(Object(CodeIgniter\HTTP\IncomingRequest), NULL)
#6 C:\xampp\htdocs\techorigin_works\moe_slip\vendor\codeigniter4\framework\system\CodeIgniter.php(382): CodeIgniter\Filters\Filters->run('portals/monthly...', 'before')
#7 C:\xampp\htdocs\techorigin_works\moe_slip\vendor\codeigniter4\framework\system\CodeIgniter.php(312): CodeIgniter\CodeIgniter->handleRequest(NULL, Object(Config\Cache), false)
#8 C:\xampp\htdocs\techorigin_works\moe_slip\public\index.php(45): CodeIgniter\CodeIgniter->run()
#9 C:\xampp\htdocs\techorigin_works\moe_slip\vendor\codeigniter4\framework\system\Commands\Server\rewrite.php(34): require_once('C:\\xampp\\htdocs...')
#10 {main}
