CRITICAL - 2020-10-16 13:15:34 --> Unable to connect to the database.
#0 C:\xampp\htdocs\techorigin_works\lotto\codeigniter\vendor\codeigniter4\framework\system\Database\BaseConnection.php(646): CodeIgniter\Database\BaseConnection->initialize()
#1 C:\xampp\htdocs\techorigin_works\lotto\codeigniter\vendor\codeigniter4\framework\system\Database\BaseBuilder.php(1860): CodeIgniter\Database\BaseConnection->query('SELECT *\nFROM `...', Array, false)
#2 C:\xampp\htdocs\techorigin_works\lotto\codeigniter\vendor\codeigniter4\framework\system\Model.php(506): CodeIgniter\Database\BaseBuilder->get()
#3 C:\xampp\htdocs\techorigin_works\lotto\codeigniter\app\Validation\UserAuth.php(10): CodeIgniter\Model->first()
#4 C:\xampp\htdocs\techorigin_works\lotto\codeigniter\vendor\codeigniter4\framework\system\Validation\Validation.php(325): App\Validation\UserAuth->validateUser('asdasd', 'username, passw...', Array, NULL)
#5 C:\xampp\htdocs\techorigin_works\lotto\codeigniter\vendor\codeigniter4\framework\system\Validation\Validation.php(189): CodeIgniter\Validation\Validation->processRules('password', 'password', 'asdasd', Array, Array)
#6 C:\xampp\htdocs\techorigin_works\lotto\codeigniter\vendor\codeigniter4\framework\system\Controller.php(219): CodeIgniter\Validation\Validation->run()
#7 C:\xampp\htdocs\techorigin_works\lotto\codeigniter\app\Controllers\Pages.php(67): CodeIgniter\Controller->validate(Array)
#8 C:\xampp\htdocs\techorigin_works\lotto\codeigniter\vendor\codeigniter4\framework\system\CodeIgniter.php(918): App\Controllers\Pages->signin()
#9 C:\xampp\htdocs\techorigin_works\lotto\codeigniter\vendor\codeigniter4\framework\system\CodeIgniter.php(404): CodeIgniter\CodeIgniter->runController(Object(App\Controllers\Pages))
#10 C:\xampp\htdocs\techorigin_works\lotto\codeigniter\vendor\codeigniter4\framework\system\CodeIgniter.php(312): CodeIgniter\CodeIgniter->handleRequest(NULL, Object(Config\Cache), false)
#11 C:\xampp\htdocs\techorigin_works\lotto\index.php(45): CodeIgniter\CodeIgniter->run()
#12 {main}
CRITICAL - 2020-10-16 13:20:31 --> Unable to connect to the database.
#0 C:\xampp\htdocs\techorigin_works\gov\codeigniter\vendor\codeigniter4\framework\system\Database\BaseConnection.php(646): CodeIgniter\Database\BaseConnection->initialize()
#1 C:\xampp\htdocs\techorigin_works\gov\codeigniter\vendor\codeigniter4\framework\system\Database\BaseBuilder.php(1860): CodeIgniter\Database\BaseConnection->query('SELECT *\nFROM `...', Array, false)
#2 C:\xampp\htdocs\techorigin_works\gov\codeigniter\vendor\codeigniter4\framework\system\Model.php(506): CodeIgniter\Database\BaseBuilder->get()
#3 C:\xampp\htdocs\techorigin_works\gov\codeigniter\app\Validation\UserAuth.php(10): CodeIgniter\Model->first()
#4 C:\xampp\htdocs\techorigin_works\gov\codeigniter\vendor\codeigniter4\framework\system\Validation\Validation.php(325): App\Validation\UserAuth->validateUser('asdsad', 'username, passw...', Array, NULL)
#5 C:\xampp\htdocs\techorigin_works\gov\codeigniter\vendor\codeigniter4\framework\system\Validation\Validation.php(189): CodeIgniter\Validation\Validation->processRules('password', 'password', 'asdsad', Array, Array)
#6 C:\xampp\htdocs\techorigin_works\gov\codeigniter\vendor\codeigniter4\framework\system\Controller.php(219): CodeIgniter\Validation\Validation->run()
#7 C:\xampp\htdocs\techorigin_works\gov\codeigniter\app\Controllers\Pages.php(64): CodeIgniter\Controller->validate(Array)
#8 C:\xampp\htdocs\techorigin_works\gov\codeigniter\vendor\codeigniter4\framework\system\CodeIgniter.php(918): App\Controllers\Pages->signin()
#9 C:\xampp\htdocs\techorigin_works\gov\codeigniter\vendor\codeigniter4\framework\system\CodeIgniter.php(404): CodeIgniter\CodeIgniter->runController(Object(App\Controllers\Pages))
#10 C:\xampp\htdocs\techorigin_works\gov\codeigniter\vendor\codeigniter4\framework\system\CodeIgniter.php(312): CodeIgniter\CodeIgniter->handleRequest(NULL, Object(Config\Cache), false)
#11 C:\xampp\htdocs\techorigin_works\gov\index.php(45): CodeIgniter\CodeIgniter->run()
#12 {main}
CRITICAL - 2020-10-16 13:43:13 --> syntax error, unexpected '?>'
#0 C:\xampp\htdocs\techorigin_works\gov\codeigniter\vendor\codeigniter4\framework\system\Common.php(1119): CodeIgniter\View\View->render('pages/signin', Array, true)
#1 C:\xampp\htdocs\techorigin_works\gov\codeigniter\app\Controllers\Pages.php(83): view('pages/signin')
#2 C:\xampp\htdocs\techorigin_works\gov\codeigniter\vendor\codeigniter4\framework\system\CodeIgniter.php(918): App\Controllers\Pages->signin()
#3 C:\xampp\htdocs\techorigin_works\gov\codeigniter\vendor\codeigniter4\framework\system\CodeIgniter.php(404): CodeIgniter\CodeIgniter->runController(Object(App\Controllers\Pages))
#4 C:\xampp\htdocs\techorigin_works\gov\codeigniter\vendor\codeigniter4\framework\system\CodeIgniter.php(312): CodeIgniter\CodeIgniter->handleRequest(NULL, Object(Config\Cache), false)
#5 C:\xampp\htdocs\techorigin_works\gov\index.php(45): CodeIgniter\CodeIgniter->run()
#6 {main}
CRITICAL - 2020-10-16 13:43:17 --> syntax error, unexpected '?>'
#0 C:\xampp\htdocs\techorigin_works\gov\codeigniter\vendor\codeigniter4\framework\system\Common.php(1119): CodeIgniter\View\View->render('pages/signin', Array, true)
#1 C:\xampp\htdocs\techorigin_works\gov\codeigniter\app\Controllers\Pages.php(83): view('pages/signin')
#2 C:\xampp\htdocs\techorigin_works\gov\codeigniter\vendor\codeigniter4\framework\system\CodeIgniter.php(918): App\Controllers\Pages->signin()
#3 C:\xampp\htdocs\techorigin_works\gov\codeigniter\vendor\codeigniter4\framework\system\CodeIgniter.php(404): CodeIgniter\CodeIgniter->runController(Object(App\Controllers\Pages))
#4 C:\xampp\htdocs\techorigin_works\gov\codeigniter\vendor\codeigniter4\framework\system\CodeIgniter.php(312): CodeIgniter\CodeIgniter->handleRequest(NULL, Object(Config\Cache), false)
#5 C:\xampp\htdocs\techorigin_works\gov\index.php(45): CodeIgniter\CodeIgniter->run()
#6 {main}
CRITICAL - 2020-10-16 13:43:20 --> syntax error, unexpected '?>'
#0 C:\xampp\htdocs\techorigin_works\gov\codeigniter\vendor\codeigniter4\framework\system\Common.php(1119): CodeIgniter\View\View->render('pages/signin', Array, true)
#1 C:\xampp\htdocs\techorigin_works\gov\codeigniter\app\Controllers\Pages.php(83): view('pages/signin')
#2 C:\xampp\htdocs\techorigin_works\gov\codeigniter\vendor\codeigniter4\framework\system\CodeIgniter.php(918): App\Controllers\Pages->signin()
#3 C:\xampp\htdocs\techorigin_works\gov\codeigniter\vendor\codeigniter4\framework\system\CodeIgniter.php(404): CodeIgniter\CodeIgniter->runController(Object(App\Controllers\Pages))
#4 C:\xampp\htdocs\techorigin_works\gov\codeigniter\vendor\codeigniter4\framework\system\CodeIgniter.php(312): CodeIgniter\CodeIgniter->handleRequest(NULL, Object(Config\Cache), false)
#5 C:\xampp\htdocs\techorigin_works\gov\index.php(45): CodeIgniter\CodeIgniter->run()
#6 {main}
CRITICAL - 2020-10-16 14:24:02 --> Class 'App\Models\HTTP\Request' not found
#0 C:\xampp\htdocs\techorigin_works\gov\codeigniter\app\Models\UserModel.php(26): App\Models\UserModel->checkSignIn()
#1 C:\xampp\htdocs\techorigin_works\gov\codeigniter\app\Controllers\Pages.php(10): App\Models\UserModel->__construct()
#2 C:\xampp\htdocs\techorigin_works\gov\codeigniter\vendor\codeigniter4\framework\system\CodeIgniter.php(890): App\Controllers\Pages->__construct()
#3 C:\xampp\htdocs\techorigin_works\gov\codeigniter\vendor\codeigniter4\framework\system\CodeIgniter.php(399): CodeIgniter\CodeIgniter->createController()
#4 C:\xampp\htdocs\techorigin_works\gov\codeigniter\vendor\codeigniter4\framework\system\CodeIgniter.php(312): CodeIgniter\CodeIgniter->handleRequest(NULL, Object(Config\Cache), false)
#5 C:\xampp\htdocs\techorigin_works\gov\index.php(45): CodeIgniter\CodeIgniter->run()
#6 {main}
CRITICAL - 2020-10-16 14:24:07 --> Class 'App\Models\HTTP\Request' not found
#0 C:\xampp\htdocs\techorigin_works\gov\codeigniter\app\Models\UserModel.php(26): App\Models\UserModel->checkSignIn()
#1 C:\xampp\htdocs\techorigin_works\gov\codeigniter\app\Controllers\Pages.php(10): App\Models\UserModel->__construct()
#2 C:\xampp\htdocs\techorigin_works\gov\codeigniter\vendor\codeigniter4\framework\system\CodeIgniter.php(890): App\Controllers\Pages->__construct()
#3 C:\xampp\htdocs\techorigin_works\gov\codeigniter\vendor\codeigniter4\framework\system\CodeIgniter.php(399): CodeIgniter\CodeIgniter->createController()
#4 C:\xampp\htdocs\techorigin_works\gov\codeigniter\vendor\codeigniter4\framework\system\CodeIgniter.php(312): CodeIgniter\CodeIgniter->handleRequest(NULL, Object(Config\Cache), false)
#5 C:\xampp\htdocs\techorigin_works\gov\index.php(45): CodeIgniter\CodeIgniter->run()
#6 {main}
CRITICAL - 2020-10-16 14:24:37 --> Class 'App\Models\HTTP\Request' not found
#0 C:\xampp\htdocs\techorigin_works\gov\codeigniter\app\Models\UserModel.php(26): App\Models\UserModel->checkSignIn()
#1 C:\xampp\htdocs\techorigin_works\gov\codeigniter\app\Controllers\Pages.php(10): App\Models\UserModel->__construct()
#2 C:\xampp\htdocs\techorigin_works\gov\codeigniter\vendor\codeigniter4\framework\system\CodeIgniter.php(890): App\Controllers\Pages->__construct()
#3 C:\xampp\htdocs\techorigin_works\gov\codeigniter\vendor\codeigniter4\framework\system\CodeIgniter.php(399): CodeIgniter\CodeIgniter->createController()
#4 C:\xampp\htdocs\techorigin_works\gov\codeigniter\vendor\codeigniter4\framework\system\CodeIgniter.php(312): CodeIgniter\CodeIgniter->handleRequest(NULL, Object(Config\Cache), false)
#5 C:\xampp\htdocs\techorigin_works\gov\index.php(45): CodeIgniter\CodeIgniter->run()
#6 {main}
CRITICAL - 2020-10-16 14:25:35 --> Class 'App\Models\HTTP\Request' not found
#0 C:\xampp\htdocs\techorigin_works\gov\codeigniter\app\Models\UserModel.php(26): App\Models\UserModel->checkSignIn()
#1 C:\xampp\htdocs\techorigin_works\gov\codeigniter\app\Controllers\Pages.php(10): App\Models\UserModel->__construct()
#2 C:\xampp\htdocs\techorigin_works\gov\codeigniter\vendor\codeigniter4\framework\system\CodeIgniter.php(890): App\Controllers\Pages->__construct()
#3 C:\xampp\htdocs\techorigin_works\gov\codeigniter\vendor\codeigniter4\framework\system\CodeIgniter.php(399): CodeIgniter\CodeIgniter->createController()
#4 C:\xampp\htdocs\techorigin_works\gov\codeigniter\vendor\codeigniter4\framework\system\CodeIgniter.php(312): CodeIgniter\CodeIgniter->handleRequest(NULL, Object(Config\Cache), false)
#5 C:\xampp\htdocs\techorigin_works\gov\index.php(45): CodeIgniter\CodeIgniter->run()
#6 {main}
CRITICAL - 2020-10-16 14:25:36 --> Class 'App\Models\HTTP\Request' not found
#0 C:\xampp\htdocs\techorigin_works\gov\codeigniter\app\Models\UserModel.php(26): App\Models\UserModel->checkSignIn()
#1 C:\xampp\htdocs\techorigin_works\gov\codeigniter\app\Controllers\Pages.php(10): App\Models\UserModel->__construct()
#2 C:\xampp\htdocs\techorigin_works\gov\codeigniter\vendor\codeigniter4\framework\system\CodeIgniter.php(890): App\Controllers\Pages->__construct()
#3 C:\xampp\htdocs\techorigin_works\gov\codeigniter\vendor\codeigniter4\framework\system\CodeIgniter.php(399): CodeIgniter\CodeIgniter->createController()
#4 C:\xampp\htdocs\techorigin_works\gov\codeigniter\vendor\codeigniter4\framework\system\CodeIgniter.php(312): CodeIgniter\CodeIgniter->handleRequest(NULL, Object(Config\Cache), false)
#5 C:\xampp\htdocs\techorigin_works\gov\index.php(45): CodeIgniter\CodeIgniter->run()
#6 {main}
CRITICAL - 2020-10-16 14:25:36 --> Class 'App\Models\HTTP\Request' not found
#0 C:\xampp\htdocs\techorigin_works\gov\codeigniter\app\Models\UserModel.php(26): App\Models\UserModel->checkSignIn()
#1 C:\xampp\htdocs\techorigin_works\gov\codeigniter\app\Controllers\Pages.php(10): App\Models\UserModel->__construct()
#2 C:\xampp\htdocs\techorigin_works\gov\codeigniter\vendor\codeigniter4\framework\system\CodeIgniter.php(890): App\Controllers\Pages->__construct()
#3 C:\xampp\htdocs\techorigin_works\gov\codeigniter\vendor\codeigniter4\framework\system\CodeIgniter.php(399): CodeIgniter\CodeIgniter->createController()
#4 C:\xampp\htdocs\techorigin_works\gov\codeigniter\vendor\codeigniter4\framework\system\CodeIgniter.php(312): CodeIgniter\CodeIgniter->handleRequest(NULL, Object(Config\Cache), false)
#5 C:\xampp\htdocs\techorigin_works\gov\index.php(45): CodeIgniter\CodeIgniter->run()
#6 {main}
CRITICAL - 2020-10-16 14:25:44 --> Class 'App\Models\HTTP\Request' not found
#0 C:\xampp\htdocs\techorigin_works\gov\codeigniter\app\Models\UserModel.php(26): App\Models\UserModel->checkSignIn()
#1 C:\xampp\htdocs\techorigin_works\gov\codeigniter\app\Controllers\Pages.php(10): App\Models\UserModel->__construct()
#2 C:\xampp\htdocs\techorigin_works\gov\codeigniter\vendor\codeigniter4\framework\system\CodeIgniter.php(890): App\Controllers\Pages->__construct()
#3 C:\xampp\htdocs\techorigin_works\gov\codeigniter\vendor\codeigniter4\framework\system\CodeIgniter.php(399): CodeIgniter\CodeIgniter->createController()
#4 C:\xampp\htdocs\techorigin_works\gov\codeigniter\vendor\codeigniter4\framework\system\CodeIgniter.php(312): CodeIgniter\CodeIgniter->handleRequest(NULL, Object(Config\Cache), false)
#5 C:\xampp\htdocs\techorigin_works\gov\index.php(45): CodeIgniter\CodeIgniter->run()
#6 {main}
CRITICAL - 2020-10-16 14:25:53 --> Call to a member function getIPAddress() on null
#0 C:\xampp\htdocs\techorigin_works\gov\codeigniter\app\Models\UserModel.php(26): App\Models\UserModel->checkSignIn()
#1 C:\xampp\htdocs\techorigin_works\gov\codeigniter\app\Controllers\Pages.php(10): App\Models\UserModel->__construct()
#2 C:\xampp\htdocs\techorigin_works\gov\codeigniter\vendor\codeigniter4\framework\system\CodeIgniter.php(890): App\Controllers\Pages->__construct()
#3 C:\xampp\htdocs\techorigin_works\gov\codeigniter\vendor\codeigniter4\framework\system\CodeIgniter.php(399): CodeIgniter\CodeIgniter->createController()
#4 C:\xampp\htdocs\techorigin_works\gov\codeigniter\vendor\codeigniter4\framework\system\CodeIgniter.php(312): CodeIgniter\CodeIgniter->handleRequest(NULL, Object(Config\Cache), false)
#5 C:\xampp\htdocs\techorigin_works\gov\index.php(45): CodeIgniter\CodeIgniter->run()
#6 {main}
CRITICAL - 2020-10-16 14:26:32 --> Class 'App\Models\CodeIgniter\HTTP\Request' not found
#0 C:\xampp\htdocs\techorigin_works\gov\codeigniter\app\Models\UserModel.php(26): App\Models\UserModel->checkSignIn()
#1 C:\xampp\htdocs\techorigin_works\gov\codeigniter\app\Controllers\Pages.php(10): App\Models\UserModel->__construct()
#2 C:\xampp\htdocs\techorigin_works\gov\codeigniter\vendor\codeigniter4\framework\system\CodeIgniter.php(890): App\Controllers\Pages->__construct()
#3 C:\xampp\htdocs\techorigin_works\gov\codeigniter\vendor\codeigniter4\framework\system\CodeIgniter.php(399): CodeIgniter\CodeIgniter->createController()
#4 C:\xampp\htdocs\techorigin_works\gov\codeigniter\vendor\codeigniter4\framework\system\CodeIgniter.php(312): CodeIgniter\CodeIgniter->handleRequest(NULL, Object(Config\Cache), false)
#5 C:\xampp\htdocs\techorigin_works\gov\index.php(45): CodeIgniter\CodeIgniter->run()
#6 {main}
CRITICAL - 2020-10-16 14:27:44 --> Undefined constant 'App\Models\CodeIgniter\HTTP\Request'
#0 C:\xampp\htdocs\techorigin_works\gov\codeigniter\app\Models\UserModel.php(26): App\Models\UserModel->checkSignIn()
#1 C:\xampp\htdocs\techorigin_works\gov\codeigniter\app\Controllers\Pages.php(10): App\Models\UserModel->__construct()
#2 C:\xampp\htdocs\techorigin_works\gov\codeigniter\vendor\codeigniter4\framework\system\CodeIgniter.php(890): App\Controllers\Pages->__construct()
#3 C:\xampp\htdocs\techorigin_works\gov\codeigniter\vendor\codeigniter4\framework\system\CodeIgniter.php(399): CodeIgniter\CodeIgniter->createController()
#4 C:\xampp\htdocs\techorigin_works\gov\codeigniter\vendor\codeigniter4\framework\system\CodeIgniter.php(312): CodeIgniter\CodeIgniter->handleRequest(NULL, Object(Config\Cache), false)
#5 C:\xampp\htdocs\techorigin_works\gov\index.php(45): CodeIgniter\CodeIgniter->run()
#6 {main}
CRITICAL - 2020-10-16 14:27:49 --> Class 'App\Models\CodeIgniter\HTTP\Request' not found
#0 C:\xampp\htdocs\techorigin_works\gov\codeigniter\app\Models\UserModel.php(26): App\Models\UserModel->checkSignIn()
#1 C:\xampp\htdocs\techorigin_works\gov\codeigniter\app\Controllers\Pages.php(10): App\Models\UserModel->__construct()
#2 C:\xampp\htdocs\techorigin_works\gov\codeigniter\vendor\codeigniter4\framework\system\CodeIgniter.php(890): App\Controllers\Pages->__construct()
#3 C:\xampp\htdocs\techorigin_works\gov\codeigniter\vendor\codeigniter4\framework\system\CodeIgniter.php(399): CodeIgniter\CodeIgniter->createController()
#4 C:\xampp\htdocs\techorigin_works\gov\codeigniter\vendor\codeigniter4\framework\system\CodeIgniter.php(312): CodeIgniter\CodeIgniter->handleRequest(NULL, Object(Config\Cache), false)
#5 C:\xampp\htdocs\techorigin_works\gov\index.php(45): CodeIgniter\CodeIgniter->run()
#6 {main}
CRITICAL - 2020-10-16 14:30:02 --> Too few arguments to function CodeIgniter\HTTP\Request::__construct(), 0 passed in C:\xampp\htdocs\techorigin_works\gov\codeigniter\app\Models\UserModel.php on line 47 and exactly 1 expected
#0 C:\xampp\htdocs\techorigin_works\gov\codeigniter\app\Models\UserModel.php(47): CodeIgniter\HTTP\Request->__construct()
#1 C:\xampp\htdocs\techorigin_works\gov\codeigniter\app\Models\UserModel.php(27): App\Models\UserModel->checkSignIn()
#2 C:\xampp\htdocs\techorigin_works\gov\codeigniter\app\Controllers\Pages.php(10): App\Models\UserModel->__construct()
#3 C:\xampp\htdocs\techorigin_works\gov\codeigniter\vendor\codeigniter4\framework\system\CodeIgniter.php(890): App\Controllers\Pages->__construct()
#4 C:\xampp\htdocs\techorigin_works\gov\codeigniter\vendor\codeigniter4\framework\system\CodeIgniter.php(399): CodeIgniter\CodeIgniter->createController()
#5 C:\xampp\htdocs\techorigin_works\gov\codeigniter\vendor\codeigniter4\framework\system\CodeIgniter.php(312): CodeIgniter\CodeIgniter->handleRequest(NULL, Object(Config\Cache), false)
#6 C:\xampp\htdocs\techorigin_works\gov\index.php(45): CodeIgniter\CodeIgniter->run()
#7 {main}
CRITICAL - 2020-10-16 14:30:03 --> Too few arguments to function CodeIgniter\HTTP\Request::__construct(), 0 passed in C:\xampp\htdocs\techorigin_works\gov\codeigniter\app\Models\UserModel.php on line 47 and exactly 1 expected
#0 C:\xampp\htdocs\techorigin_works\gov\codeigniter\app\Models\UserModel.php(47): CodeIgniter\HTTP\Request->__construct()
#1 C:\xampp\htdocs\techorigin_works\gov\codeigniter\app\Models\UserModel.php(27): App\Models\UserModel->checkSignIn()
#2 C:\xampp\htdocs\techorigin_works\gov\codeigniter\app\Controllers\Pages.php(10): App\Models\UserModel->__construct()
#3 C:\xampp\htdocs\techorigin_works\gov\codeigniter\vendor\codeigniter4\framework\system\CodeIgniter.php(890): App\Controllers\Pages->__construct()
#4 C:\xampp\htdocs\techorigin_works\gov\codeigniter\vendor\codeigniter4\framework\system\CodeIgniter.php(399): CodeIgniter\CodeIgniter->createController()
#5 C:\xampp\htdocs\techorigin_works\gov\codeigniter\vendor\codeigniter4\framework\system\CodeIgniter.php(312): CodeIgniter\CodeIgniter->handleRequest(NULL, Object(Config\Cache), false)
#6 C:\xampp\htdocs\techorigin_works\gov\index.php(45): CodeIgniter\CodeIgniter->run()
#7 {main}
CRITICAL - 2020-10-16 14:35:44 --> Call to undefined method CodeIgniter\Database\MySQLi\Result::execute()
#0 C:\xampp\htdocs\techorigin_works\gov\codeigniter\app\Models\UserModel.php(27): App\Models\UserModel->checkSignIn()
#1 C:\xampp\htdocs\techorigin_works\gov\codeigniter\app\Controllers\Pages.php(10): App\Models\UserModel->__construct()
#2 C:\xampp\htdocs\techorigin_works\gov\codeigniter\vendor\codeigniter4\framework\system\CodeIgniter.php(890): App\Controllers\Pages->__construct()
#3 C:\xampp\htdocs\techorigin_works\gov\codeigniter\vendor\codeigniter4\framework\system\CodeIgniter.php(399): CodeIgniter\CodeIgniter->createController()
#4 C:\xampp\htdocs\techorigin_works\gov\codeigniter\vendor\codeigniter4\framework\system\CodeIgniter.php(312): CodeIgniter\CodeIgniter->handleRequest(NULL, Object(Config\Cache), false)
#5 C:\xampp\htdocs\techorigin_works\gov\index.php(45): CodeIgniter\CodeIgniter->run()
#6 {main}
CRITICAL - 2020-10-16 14:36:08 --> Call to undefined method CodeIgniter\Database\MySQLi\Result::execute()
#0 C:\xampp\htdocs\techorigin_works\gov\codeigniter\app\Models\UserModel.php(27): App\Models\UserModel->checkSignIn()
#1 C:\xampp\htdocs\techorigin_works\gov\codeigniter\app\Controllers\Pages.php(10): App\Models\UserModel->__construct()
#2 C:\xampp\htdocs\techorigin_works\gov\codeigniter\vendor\codeigniter4\framework\system\CodeIgniter.php(890): App\Controllers\Pages->__construct()
#3 C:\xampp\htdocs\techorigin_works\gov\codeigniter\vendor\codeigniter4\framework\system\CodeIgniter.php(399): CodeIgniter\CodeIgniter->createController()
#4 C:\xampp\htdocs\techorigin_works\gov\codeigniter\vendor\codeigniter4\framework\system\CodeIgniter.php(312): CodeIgniter\CodeIgniter->handleRequest(NULL, Object(Config\Cache), false)
#5 C:\xampp\htdocs\techorigin_works\gov\index.php(45): CodeIgniter\CodeIgniter->run()
#6 {main}
CRITICAL - 2020-10-16 14:36:10 --> Call to undefined method CodeIgniter\Database\MySQLi\Result::execute()
#0 C:\xampp\htdocs\techorigin_works\gov\codeigniter\app\Models\UserModel.php(27): App\Models\UserModel->checkSignIn()
#1 C:\xampp\htdocs\techorigin_works\gov\codeigniter\app\Controllers\Pages.php(10): App\Models\UserModel->__construct()
#2 C:\xampp\htdocs\techorigin_works\gov\codeigniter\vendor\codeigniter4\framework\system\CodeIgniter.php(890): App\Controllers\Pages->__construct()
#3 C:\xampp\htdocs\techorigin_works\gov\codeigniter\vendor\codeigniter4\framework\system\CodeIgniter.php(399): CodeIgniter\CodeIgniter->createController()
#4 C:\xampp\htdocs\techorigin_works\gov\codeigniter\vendor\codeigniter4\framework\system\CodeIgniter.php(312): CodeIgniter\CodeIgniter->handleRequest(NULL, Object(Config\Cache), false)
#5 C:\xampp\htdocs\techorigin_works\gov\index.php(45): CodeIgniter\CodeIgniter->run()
#6 {main}
CRITICAL - 2020-10-16 14:36:21 --> Call to undefined method CodeIgniter\Database\MySQLi\Result::run()
#0 C:\xampp\htdocs\techorigin_works\gov\codeigniter\app\Models\UserModel.php(27): App\Models\UserModel->checkSignIn()
#1 C:\xampp\htdocs\techorigin_works\gov\codeigniter\app\Controllers\Pages.php(10): App\Models\UserModel->__construct()
#2 C:\xampp\htdocs\techorigin_works\gov\codeigniter\vendor\codeigniter4\framework\system\CodeIgniter.php(890): App\Controllers\Pages->__construct()
#3 C:\xampp\htdocs\techorigin_works\gov\codeigniter\vendor\codeigniter4\framework\system\CodeIgniter.php(399): CodeIgniter\CodeIgniter->createController()
#4 C:\xampp\htdocs\techorigin_works\gov\codeigniter\vendor\codeigniter4\framework\system\CodeIgniter.php(312): CodeIgniter\CodeIgniter->handleRequest(NULL, Object(Config\Cache), false)
#5 C:\xampp\htdocs\techorigin_works\gov\index.php(45): CodeIgniter\CodeIgniter->run()
#6 {main}
CRITICAL - 2020-10-16 14:36:22 --> Call to undefined method CodeIgniter\Database\MySQLi\Result::run()
#0 C:\xampp\htdocs\techorigin_works\gov\codeigniter\app\Models\UserModel.php(27): App\Models\UserModel->checkSignIn()
#1 C:\xampp\htdocs\techorigin_works\gov\codeigniter\app\Controllers\Pages.php(10): App\Models\UserModel->__construct()
#2 C:\xampp\htdocs\techorigin_works\gov\codeigniter\vendor\codeigniter4\framework\system\CodeIgniter.php(890): App\Controllers\Pages->__construct()
#3 C:\xampp\htdocs\techorigin_works\gov\codeigniter\vendor\codeigniter4\framework\system\CodeIgniter.php(399): CodeIgniter\CodeIgniter->createController()
#4 C:\xampp\htdocs\techorigin_works\gov\codeigniter\vendor\codeigniter4\framework\system\CodeIgniter.php(312): CodeIgniter\CodeIgniter->handleRequest(NULL, Object(Config\Cache), false)
#5 C:\xampp\htdocs\techorigin_works\gov\index.php(45): CodeIgniter\CodeIgniter->run()
#6 {main}
CRITICAL - 2020-10-16 14:36:25 --> Call to undefined method CodeIgniter\Database\MySQLi\Result::run()
#0 C:\xampp\htdocs\techorigin_works\gov\codeigniter\app\Models\UserModel.php(27): App\Models\UserModel->checkSignIn()
#1 C:\xampp\htdocs\techorigin_works\gov\codeigniter\app\Controllers\Pages.php(10): App\Models\UserModel->__construct()
#2 C:\xampp\htdocs\techorigin_works\gov\codeigniter\vendor\codeigniter4\framework\system\CodeIgniter.php(890): App\Controllers\Pages->__construct()
#3 C:\xampp\htdocs\techorigin_works\gov\codeigniter\vendor\codeigniter4\framework\system\CodeIgniter.php(399): CodeIgniter\CodeIgniter->createController()
#4 C:\xampp\htdocs\techorigin_works\gov\codeigniter\vendor\codeigniter4\framework\system\CodeIgniter.php(312): CodeIgniter\CodeIgniter->handleRequest(NULL, Object(Config\Cache), false)
#5 C:\xampp\htdocs\techorigin_works\gov\index.php(45): CodeIgniter\CodeIgniter->run()
#6 {main}
CRITICAL - 2020-10-16 14:39:39 --> Call to undefined method CodeIgniter\Database\MySQLi\Result::execute()
#0 C:\xampp\htdocs\techorigin_works\gov\codeigniter\app\Models\UserModel.php(27): App\Models\UserModel->checkSignIn()
#1 C:\xampp\htdocs\techorigin_works\gov\codeigniter\app\Controllers\Pages.php(10): App\Models\UserModel->__construct()
#2 C:\xampp\htdocs\techorigin_works\gov\codeigniter\vendor\codeigniter4\framework\system\CodeIgniter.php(890): App\Controllers\Pages->__construct()
#3 C:\xampp\htdocs\techorigin_works\gov\codeigniter\vendor\codeigniter4\framework\system\CodeIgniter.php(399): CodeIgniter\CodeIgniter->createController()
#4 C:\xampp\htdocs\techorigin_works\gov\codeigniter\vendor\codeigniter4\framework\system\CodeIgniter.php(312): CodeIgniter\CodeIgniter->handleRequest(NULL, Object(Config\Cache), false)
#5 C:\xampp\htdocs\techorigin_works\gov\index.php(45): CodeIgniter\CodeIgniter->run()
#6 {main}
CRITICAL - 2020-10-16 14:39:49 --> Call to undefined method CodeIgniter\Database\MySQLi\Result::execute()
#0 C:\xampp\htdocs\techorigin_works\gov\codeigniter\app\Models\UserModel.php(27): App\Models\UserModel->checkSignIn()
#1 C:\xampp\htdocs\techorigin_works\gov\codeigniter\app\Controllers\Pages.php(10): App\Models\UserModel->__construct()
#2 C:\xampp\htdocs\techorigin_works\gov\codeigniter\vendor\codeigniter4\framework\system\CodeIgniter.php(890): App\Controllers\Pages->__construct()
#3 C:\xampp\htdocs\techorigin_works\gov\codeigniter\vendor\codeigniter4\framework\system\CodeIgniter.php(399): CodeIgniter\CodeIgniter->createController()
#4 C:\xampp\htdocs\techorigin_works\gov\codeigniter\vendor\codeigniter4\framework\system\CodeIgniter.php(312): CodeIgniter\CodeIgniter->handleRequest(NULL, Object(Config\Cache), false)
#5 C:\xampp\htdocs\techorigin_works\gov\index.php(45): CodeIgniter\CodeIgniter->run()
#6 {main}
CRITICAL - 2020-10-16 14:39:49 --> Call to undefined method CodeIgniter\Database\MySQLi\Result::execute()
#0 C:\xampp\htdocs\techorigin_works\gov\codeigniter\app\Models\UserModel.php(27): App\Models\UserModel->checkSignIn()
#1 C:\xampp\htdocs\techorigin_works\gov\codeigniter\app\Controllers\Pages.php(10): App\Models\UserModel->__construct()
#2 C:\xampp\htdocs\techorigin_works\gov\codeigniter\vendor\codeigniter4\framework\system\CodeIgniter.php(890): App\Controllers\Pages->__construct()
#3 C:\xampp\htdocs\techorigin_works\gov\codeigniter\vendor\codeigniter4\framework\system\CodeIgniter.php(399): CodeIgniter\CodeIgniter->createController()
#4 C:\xampp\htdocs\techorigin_works\gov\codeigniter\vendor\codeigniter4\framework\system\CodeIgniter.php(312): CodeIgniter\CodeIgniter->handleRequest(NULL, Object(Config\Cache), false)
#5 C:\xampp\htdocs\techorigin_works\gov\index.php(45): CodeIgniter\CodeIgniter->run()
#6 {main}
