CRITICAL - 2020-10-14 08:12:33 --> Argument 1 passed to App\Validation\UserAuth::isUniqureUsername() must be of the type array, string given, called in C:\xampp\htdocs\techorigin_works\lotto\codeigniter\vendor\codeigniter4\framework\system\Validation\Validation.php on line 325
#0 C:\xampp\htdocs\techorigin_works\lotto\codeigniter\vendor\codeigniter4\framework\system\Validation\Validation.php(325): App\Validation\UserAuth->isUniqureUsername('SuperAdmin', NULL)
#1 C:\xampp\htdocs\techorigin_works\lotto\codeigniter\vendor\codeigniter4\framework\system\Validation\Validation.php(189): CodeIgniter\Validation\Validation->processRules('username', 'username', 'SuperAdmin', Array, Array)
#2 C:\xampp\htdocs\techorigin_works\lotto\codeigniter\vendor\codeigniter4\framework\system\Controller.php(219): CodeIgniter\Validation\Validation->run()
#3 C:\xampp\htdocs\techorigin_works\lotto\codeigniter\app\Controllers\Pages.php(132): CodeIgniter\Controller->validate(Array)
#4 C:\xampp\htdocs\techorigin_works\lotto\codeigniter\vendor\codeigniter4\framework\system\CodeIgniter.php(918): App\Controllers\Pages->signup()
#5 C:\xampp\htdocs\techorigin_works\lotto\codeigniter\vendor\codeigniter4\framework\system\CodeIgniter.php(404): CodeIgniter\CodeIgniter->runController(Object(App\Controllers\Pages))
#6 C:\xampp\htdocs\techorigin_works\lotto\codeigniter\vendor\codeigniter4\framework\system\CodeIgniter.php(312): CodeIgniter\CodeIgniter->handleRequest(NULL, Object(Config\Cache), false)
#7 C:\xampp\htdocs\techorigin_works\lotto\index.php(45): CodeIgniter\CodeIgniter->run()
#8 {main}
CRITICAL - 2020-10-14 08:14:11 --> Argument 1 passed to App\Validation\UserAuth::isUniqureEmail() must be of the type array, string given, called in C:\xampp\htdocs\techorigin_works\lotto\codeigniter\vendor\codeigniter4\framework\system\Validation\Validation.php on line 325
#0 C:\xampp\htdocs\techorigin_works\lotto\codeigniter\vendor\codeigniter4\framework\system\Validation\Validation.php(325): App\Validation\UserAuth->isUniqureEmail('a@a.com', NULL)
#1 C:\xampp\htdocs\techorigin_works\lotto\codeigniter\vendor\codeigniter4\framework\system\Validation\Validation.php(189): CodeIgniter\Validation\Validation->processRules('email', 'email', 'a@a.com', Array, Array)
#2 C:\xampp\htdocs\techorigin_works\lotto\codeigniter\vendor\codeigniter4\framework\system\Controller.php(219): CodeIgniter\Validation\Validation->run()
#3 C:\xampp\htdocs\techorigin_works\lotto\codeigniter\app\Controllers\Pages.php(132): CodeIgniter\Controller->validate(Array)
#4 C:\xampp\htdocs\techorigin_works\lotto\codeigniter\vendor\codeigniter4\framework\system\CodeIgniter.php(918): App\Controllers\Pages->signup()
#5 C:\xampp\htdocs\techorigin_works\lotto\codeigniter\vendor\codeigniter4\framework\system\CodeIgniter.php(404): CodeIgniter\CodeIgniter->runController(Object(App\Controllers\Pages))
#6 C:\xampp\htdocs\techorigin_works\lotto\codeigniter\vendor\codeigniter4\framework\system\CodeIgniter.php(312): CodeIgniter\CodeIgniter->handleRequest(NULL, Object(Config\Cache), false)
#7 C:\xampp\htdocs\techorigin_works\lotto\index.php(45): CodeIgniter\CodeIgniter->run()
#8 {main}
