CRITICAL - 2020-11-05 06:53:41 --> Unable to connect to the database.
#0 C:\xampp\htdocs\techorigin_works\techorigin_api\api\vendor\codeigniter4\framework\system\Database\BaseConnection.php(646): CodeIgniter\Database\BaseConnection->initialize()
#1 C:\xampp\htdocs\techorigin_works\techorigin_api\api\vendor\codeigniter4\framework\system\Database\BaseBuilder.php(1860): CodeIgniter\Database\BaseConnection->query('SELECT *\nFROM `...', Array, false)
#2 C:\xampp\htdocs\techorigin_works\techorigin_api\api\vendor\codeigniter4\framework\system\Model.php(506): CodeIgniter\Database\BaseBuilder->get()
#3 C:\xampp\htdocs\techorigin_works\techorigin_api\api\app\Validation\UserAuth.php(10): CodeIgniter\Model->first()
#4 C:\xampp\htdocs\techorigin_works\techorigin_api\api\vendor\codeigniter4\framework\system\Validation\Validation.php(325): App\Validation\UserAuth->validateUser('asdsad', 'username, passw...', Array, NULL)
#5 C:\xampp\htdocs\techorigin_works\techorigin_api\api\vendor\codeigniter4\framework\system\Validation\Validation.php(189): CodeIgniter\Validation\Validation->processRules('password', 'password', 'asdsad', Array, Array)
#6 C:\xampp\htdocs\techorigin_works\techorigin_api\api\vendor\codeigniter4\framework\system\Controller.php(219): CodeIgniter\Validation\Validation->run()
#7 C:\xampp\htdocs\techorigin_works\techorigin_api\api\app\Controllers\AuthController.php(44): CodeIgniter\Controller->validate(Array)
#8 C:\xampp\htdocs\techorigin_works\techorigin_api\api\vendor\codeigniter4\framework\system\CodeIgniter.php(918): App\Controllers\AuthController->signin()
#9 C:\xampp\htdocs\techorigin_works\techorigin_api\api\vendor\codeigniter4\framework\system\CodeIgniter.php(404): CodeIgniter\CodeIgniter->runController(Object(App\Controllers\AuthController))
#10 C:\xampp\htdocs\techorigin_works\techorigin_api\api\vendor\codeigniter4\framework\system\CodeIgniter.php(312): CodeIgniter\CodeIgniter->handleRequest(NULL, Object(Config\Cache), false)
#11 C:\xampp\htdocs\techorigin_works\techorigin_api\index.php(45): CodeIgniter\CodeIgniter->run()
#12 {main}
CRITICAL - 2020-11-05 07:25:23 --> Invalid file: templates/header.php
#0 C:\xampp\htdocs\techorigin_works\techorigin_api\api\vendor\codeigniter4\framework\system\View\View.php(228): CodeIgniter\Exceptions\FrameworkException::forInvalidFile('templates/heade...')
#1 C:\xampp\htdocs\techorigin_works\techorigin_api\api\vendor\codeigniter4\framework\system\Common.php(1119): CodeIgniter\View\View->render('templates/heade...', Array, true)
#2 C:\xampp\htdocs\techorigin_works\techorigin_api\api\app\Controllers\AuthController.php(59): view('templates/heade...', Array)
#3 C:\xampp\htdocs\techorigin_works\techorigin_api\api\vendor\codeigniter4\framework\system\CodeIgniter.php(918): App\Controllers\AuthController->signin()
#4 C:\xampp\htdocs\techorigin_works\techorigin_api\api\vendor\codeigniter4\framework\system\CodeIgniter.php(404): CodeIgniter\CodeIgniter->runController(Object(App\Controllers\AuthController))
#5 C:\xampp\htdocs\techorigin_works\techorigin_api\api\vendor\codeigniter4\framework\system\CodeIgniter.php(312): CodeIgniter\CodeIgniter->handleRequest(NULL, Object(Config\Cache), false)
#6 C:\xampp\htdocs\techorigin_works\techorigin_api\index.php(45): CodeIgniter\CodeIgniter->run()
#7 {main}
CRITICAL - 2020-11-05 07:28:18 --> Unable to connect to the database.
#0 C:\xampp\htdocs\techorigin_works\techorigin_api\api\vendor\codeigniter4\framework\system\Database\BaseConnection.php(646): CodeIgniter\Database\BaseConnection->initialize()
#1 C:\xampp\htdocs\techorigin_works\techorigin_api\api\vendor\codeigniter4\framework\system\Database\BaseConnection.php(1548): CodeIgniter\Database\BaseConnection->query('SHOW TABLES FRO...')
#2 C:\xampp\htdocs\techorigin_works\techorigin_api\api\vendor\codeigniter4\framework\system\Database\BaseConnection.php(1591): CodeIgniter\Database\BaseConnection->listTables()
#3 C:\xampp\htdocs\techorigin_works\techorigin_api\api\vendor\codeigniter4\framework\system\Database\MigrationRunner.php(945): CodeIgniter\Database\BaseConnection->tableExists('migrations')
#4 C:\xampp\htdocs\techorigin_works\techorigin_api\api\vendor\codeigniter4\framework\system\Database\MigrationRunner.php(193): CodeIgniter\Database\MigrationRunner->ensureTable()
#5 C:\xampp\htdocs\techorigin_works\techorigin_api\api\vendor\codeigniter4\framework\system\Commands\Database\Migrate.php(128): CodeIgniter\Database\MigrationRunner->latest(NULL)
#6 C:\xampp\htdocs\techorigin_works\techorigin_api\api\vendor\codeigniter4\framework\system\CLI\Commands.php(100): CodeIgniter\Commands\Database\Migrate->run(Array)
#7 C:\xampp\htdocs\techorigin_works\techorigin_api\api\vendor\codeigniter4\framework\system\CLI\CommandRunner.php(107): CodeIgniter\CLI\Commands->run('migrate', Array)
#8 C:\xampp\htdocs\techorigin_works\techorigin_api\api\vendor\codeigniter4\framework\system\CLI\CommandRunner.php(85): CodeIgniter\CLI\CommandRunner->index(Array)
#9 C:\xampp\htdocs\techorigin_works\techorigin_api\api\vendor\codeigniter4\framework\system\CodeIgniter.php(914): CodeIgniter\CLI\CommandRunner->_remap('index', 'migrate')
#10 C:\xampp\htdocs\techorigin_works\techorigin_api\api\vendor\codeigniter4\framework\system\CodeIgniter.php(404): CodeIgniter\CodeIgniter->runController(Object(CodeIgniter\CLI\CommandRunner))
#11 C:\xampp\htdocs\techorigin_works\techorigin_api\api\vendor\codeigniter4\framework\system\CodeIgniter.php(312): CodeIgniter\CodeIgniter->handleRequest(NULL, Object(Config\Cache), false)
#12 C:\xampp\htdocs\techorigin_works\techorigin_api\api\vendor\codeigniter4\framework\system\CLI\Console.php(86): CodeIgniter\CodeIgniter->run()
#13 C:\xampp\htdocs\techorigin_works\techorigin_api\api\spark(57): CodeIgniter\CLI\Console->run()
#14 {main}
CRITICAL - 2020-11-05 07:29:13 --> Invalid file: templates/header.php
#0 C:\xampp\htdocs\techorigin_works\techorigin_api\api\vendor\codeigniter4\framework\system\View\View.php(228): CodeIgniter\Exceptions\FrameworkException::forInvalidFile('templates/heade...')
#1 C:\xampp\htdocs\techorigin_works\techorigin_api\api\vendor\codeigniter4\framework\system\Common.php(1119): CodeIgniter\View\View->render('templates/heade...', Array, true)
#2 C:\xampp\htdocs\techorigin_works\techorigin_api\api\app\Controllers\AuthController.php(59): view('templates/heade...', Array)
#3 C:\xampp\htdocs\techorigin_works\techorigin_api\api\vendor\codeigniter4\framework\system\CodeIgniter.php(918): App\Controllers\AuthController->signin()
#4 C:\xampp\htdocs\techorigin_works\techorigin_api\api\vendor\codeigniter4\framework\system\CodeIgniter.php(404): CodeIgniter\CodeIgniter->runController(Object(App\Controllers\AuthController))
#5 C:\xampp\htdocs\techorigin_works\techorigin_api\api\vendor\codeigniter4\framework\system\CodeIgniter.php(312): CodeIgniter\CodeIgniter->handleRequest(NULL, Object(Config\Cache), false)
#6 C:\xampp\htdocs\techorigin_works\techorigin_api\index.php(45): CodeIgniter\CodeIgniter->run()
#7 {main}
