CRITICAL - 2020-11-14 04:23:44 --> There is no data to update.
#0 C:\xampp\htdocs\techorigin_works\techorigin_api\api\vendor\codeigniter4\framework\system\Model.php(834): CodeIgniter\Database\Exceptions\DataException::forEmptyDataset('update')
#1 C:\xampp\htdocs\techorigin_works\techorigin_api\api\app\Controllers\AdminController.php(92): CodeIgniter\Model->update(Array)
#2 C:\xampp\htdocs\techorigin_works\techorigin_api\api\vendor\codeigniter4\framework\system\CodeIgniter.php(918): App\Controllers\AdminController->userUpdate()
#3 C:\xampp\htdocs\techorigin_works\techorigin_api\api\vendor\codeigniter4\framework\system\CodeIgniter.php(404): CodeIgniter\CodeIgniter->runController(Object(App\Controllers\AdminController))
#4 C:\xampp\htdocs\techorigin_works\techorigin_api\api\vendor\codeigniter4\framework\system\CodeIgniter.php(312): CodeIgniter\CodeIgniter->handleRequest(NULL, Object(Config\Cache), false)
#5 C:\xampp\htdocs\techorigin_works\techorigin_api\index.php(45): CodeIgniter\CodeIgniter->run()
#6 {main}
CRITICAL - 2020-11-14 04:56:02 --> Cannot use object of type CodeIgniter\HTTP\Response as array
#0 C:\xampp\htdocs\techorigin_works\techorigin_api\api\vendor\codeigniter4\framework\system\CodeIgniter.php(918): App\Controllers\AdminController->userUpdate()
#1 C:\xampp\htdocs\techorigin_works\techorigin_api\api\vendor\codeigniter4\framework\system\CodeIgniter.php(404): CodeIgniter\CodeIgniter->runController(Object(App\Controllers\AdminController))
#2 C:\xampp\htdocs\techorigin_works\techorigin_api\api\vendor\codeigniter4\framework\system\CodeIgniter.php(312): CodeIgniter\CodeIgniter->handleRequest(NULL, Object(Config\Cache), false)
#3 C:\xampp\htdocs\techorigin_works\techorigin_api\index.php(45): CodeIgniter\CodeIgniter->run()
#4 {main}
CRITICAL - 2020-11-14 08:41:35 --> Call to a member function find() on null
#0 C:\xampp\htdocs\techorigin_works\techorigin_api\api\vendor\codeigniter4\framework\system\CodeIgniter.php(918): App\Controllers\UserController->userRead('2')
#1 C:\xampp\htdocs\techorigin_works\techorigin_api\api\vendor\codeigniter4\framework\system\CodeIgniter.php(404): CodeIgniter\CodeIgniter->runController(Object(App\Controllers\UserController))
#2 C:\xampp\htdocs\techorigin_works\techorigin_api\api\vendor\codeigniter4\framework\system\CodeIgniter.php(312): CodeIgniter\CodeIgniter->handleRequest(NULL, Object(Config\Cache), false)
#3 C:\xampp\htdocs\techorigin_works\techorigin_api\index.php(45): CodeIgniter\CodeIgniter->run()
#4 {main}
CRITICAL - 2020-11-14 08:41:37 --> Call to a member function find() on null
#0 C:\xampp\htdocs\techorigin_works\techorigin_api\api\vendor\codeigniter4\framework\system\CodeIgniter.php(918): App\Controllers\UserController->userRead('2')
#1 C:\xampp\htdocs\techorigin_works\techorigin_api\api\vendor\codeigniter4\framework\system\CodeIgniter.php(404): CodeIgniter\CodeIgniter->runController(Object(App\Controllers\UserController))
#2 C:\xampp\htdocs\techorigin_works\techorigin_api\api\vendor\codeigniter4\framework\system\CodeIgniter.php(312): CodeIgniter\CodeIgniter->handleRequest(NULL, Object(Config\Cache), false)
#3 C:\xampp\htdocs\techorigin_works\techorigin_api\index.php(45): CodeIgniter\CodeIgniter->run()
#4 {main}
CRITICAL - 2020-11-14 09:14:30 --> Call to a member function delete() on null
#0 C:\xampp\htdocs\techorigin_works\techorigin_api\api\vendor\codeigniter4\framework\system\CodeIgniter.php(918): App\Controllers\SuperAdminController->userRoleDelete()
#1 C:\xampp\htdocs\techorigin_works\techorigin_api\api\vendor\codeigniter4\framework\system\CodeIgniter.php(404): CodeIgniter\CodeIgniter->runController(Object(App\Controllers\SuperAdminController))
#2 C:\xampp\htdocs\techorigin_works\techorigin_api\api\vendor\codeigniter4\framework\system\CodeIgniter.php(312): CodeIgniter\CodeIgniter->handleRequest(NULL, Object(Config\Cache), false)
#3 C:\xampp\htdocs\techorigin_works\techorigin_api\index.php(45): CodeIgniter\CodeIgniter->run()
#4 {main}
