CRITICAL - 2020-09-29 09:48:00 --> Unable to connect to the database.
#0 C:\xampp\htdocs\techorigin_works\codeigniter_app\vendor\codeigniter4\framework\system\Database\BaseConnection.php(646): CodeIgniter\Database\BaseConnection->initialize()
#1 C:\xampp\htdocs\techorigin_works\codeigniter_app\vendor\codeigniter4\framework\system\Database\BaseBuilder.php(1860): CodeIgniter\Database\BaseConnection->query('SELECT *\nFROM `...', Array, false)
#2 C:\xampp\htdocs\techorigin_works\codeigniter_app\vendor\codeigniter4\framework\system\Model.php(506): CodeIgniter\Database\BaseBuilder->get()
#3 C:\xampp\htdocs\techorigin_works\codeigniter_app\app\Validation\UserAuth.php(10): CodeIgniter\Model->first()
#4 C:\xampp\htdocs\techorigin_works\codeigniter_app\vendor\codeigniter4\framework\system\Validation\Validation.php(325): App\Validation\UserAuth->validateUser('ABCtest123!', 'username, passw...', Array, NULL)
#5 C:\xampp\htdocs\techorigin_works\codeigniter_app\vendor\codeigniter4\framework\system\Validation\Validation.php(189): CodeIgniter\Validation\Validation->processRules('password', 'password', 'ABCtest123!', Array, Array)
#6 C:\xampp\htdocs\techorigin_works\codeigniter_app\vendor\codeigniter4\framework\system\Controller.php(219): CodeIgniter\Validation\Validation->run()
#7 C:\xampp\htdocs\techorigin_works\codeigniter_app\app\Controllers\Pages.php(32): CodeIgniter\Controller->validate(Array, Array)
#8 C:\xampp\htdocs\techorigin_works\codeigniter_app\vendor\codeigniter4\framework\system\CodeIgniter.php(918): App\Controllers\Pages->index()
#9 C:\xampp\htdocs\techorigin_works\codeigniter_app\vendor\codeigniter4\framework\system\CodeIgniter.php(404): CodeIgniter\CodeIgniter->runController(Object(App\Controllers\Pages))
#10 C:\xampp\htdocs\techorigin_works\codeigniter_app\vendor\codeigniter4\framework\system\CodeIgniter.php(312): CodeIgniter\CodeIgniter->handleRequest(NULL, Object(Config\Cache), false)
#11 C:\xampp\htdocs\techorigin_works\codeigniter_app\public\index.php(45): CodeIgniter\CodeIgniter->run()
#12 C:\xampp\htdocs\techorigin_works\codeigniter_app\vendor\codeigniter4\framework\system\Commands\Server\rewrite.php(34): require_once('C:\\xampp\\htdocs...')
#13 {main}
CRITICAL - 2020-09-29 09:48:01 --> Uncaught ErrorException: print_r(): Property access is not allowed yet in C:\xampp\htdocs\techorigin_works\codeigniter_app\app\Views\errors\html\error_exception.php:100
Stack trace:
#0 [internal function]: CodeIgniter\Debug\Exceptions->errorHandler(2, 'print_r(): Prop...', 'C:\\xampp\\htdocs...', 100, Array)
#1 C:\xampp\htdocs\techorigin_works\codeigniter_app\app\Views\errors\html\error_exception.php(100): print_r(Object(App\Controllers\Pages), true)
#2 C:\xampp\htdocs\techorigin_works\codeigniter_app\vendor\codeigniter4\framework\system\Debug\Exceptions.php(308): include('C:\\xampp\\htdocs...')
#3 C:\xampp\htdocs\techorigin_works\codeigniter_app\vendor\codeigniter4\framework\system\Debug\Exceptions.php(174): CodeIgniter\Debug\Exceptions->render(Object(CodeIgniter\Database\Exceptions\DatabaseException), 500)
#4 [internal function]: CodeIgniter\Debug\Exceptions->exceptionHandler(Object(CodeIgniter\Database\Exceptions\DatabaseException))
#5 {main}
  thrown
#0 [internal function]: CodeIgniter\Debug\Exceptions->shutdownHandler()
#1 {main}
CRITICAL - 2020-09-29 10:17:55 --> Undefined variable: year
#0 C:\xampp\htdocs\techorigin_works\codeigniter_app\app\Controllers\Portals.php(44): CodeIgniter\Debug\Exceptions->errorHandler(8, 'Undefined varia...', 'C:\\xampp\\htdocs...', 44, Array)
#1 C:\xampp\htdocs\techorigin_works\codeigniter_app\vendor\codeigniter4\framework\system\CodeIgniter.php(918): App\Controllers\Portals->slipView('123')
#2 C:\xampp\htdocs\techorigin_works\codeigniter_app\vendor\codeigniter4\framework\system\CodeIgniter.php(404): CodeIgniter\CodeIgniter->runController(Object(App\Controllers\Portals))
#3 C:\xampp\htdocs\techorigin_works\codeigniter_app\vendor\codeigniter4\framework\system\CodeIgniter.php(312): CodeIgniter\CodeIgniter->handleRequest(NULL, Object(Config\Cache), false)
#4 C:\xampp\htdocs\techorigin_works\codeigniter_app\public\index.php(45): CodeIgniter\CodeIgniter->run()
#5 C:\xampp\htdocs\techorigin_works\codeigniter_app\vendor\codeigniter4\framework\system\Commands\Server\rewrite.php(34): require_once('C:\\xampp\\htdocs...')
#6 {main}
CRITICAL - 2020-09-29 10:31:54 --> Unknown column 'total_debit' in 'field list'
#0 C:\xampp\htdocs\techorigin_works\codeigniter_app\vendor\codeigniter4\framework\system\Database\MySQLi\Connection.php(331): mysqli->query('INSERT INTO `sl...')
#1 C:\xampp\htdocs\techorigin_works\codeigniter_app\vendor\codeigniter4\framework\system\Database\BaseConnection.php(741): CodeIgniter\Database\MySQLi\Connection->execute('INSERT INTO `sl...')
#2 C:\xampp\htdocs\techorigin_works\codeigniter_app\vendor\codeigniter4\framework\system\Database\BaseConnection.php(669): CodeIgniter\Database\BaseConnection->simpleQuery('INSERT INTO `sl...')
#3 C:\xampp\htdocs\techorigin_works\codeigniter_app\app\Models\SlipImportModel.php(9228): CodeIgniter\Database\BaseConnection->query('INSERT INTO `sl...', Array)
#4 C:\xampp\htdocs\techorigin_works\codeigniter_app\app\Controllers\Apis.php(57): App\Models\SlipImportModel->importSlip(1, 'C:\\xampp\\htdocs...')
#5 C:\xampp\htdocs\techorigin_works\codeigniter_app\vendor\codeigniter4\framework\system\CodeIgniter.php(918): App\Controllers\Apis->uploadSlips()
#6 C:\xampp\htdocs\techorigin_works\codeigniter_app\vendor\codeigniter4\framework\system\CodeIgniter.php(404): CodeIgniter\CodeIgniter->runController(Object(App\Controllers\Apis))
#7 C:\xampp\htdocs\techorigin_works\codeigniter_app\vendor\codeigniter4\framework\system\CodeIgniter.php(312): CodeIgniter\CodeIgniter->handleRequest(NULL, Object(Config\Cache), false)
#8 C:\xampp\htdocs\techorigin_works\codeigniter_app\public\index.php(45): CodeIgniter\CodeIgniter->run()
#9 C:\xampp\htdocs\techorigin_works\codeigniter_app\vendor\codeigniter4\framework\system\Commands\Server\rewrite.php(34): require_once('C:\\xampp\\htdocs...')
#10 {main}
CRITICAL - 2020-09-29 10:34:48 --> Call to undefined function number_formet()
#0 C:\xampp\htdocs\techorigin_works\codeigniter_app\vendor\codeigniter4\framework\system\View\View.php(246): include()
#1 C:\xampp\htdocs\techorigin_works\codeigniter_app\vendor\codeigniter4\framework\system\Common.php(1119): CodeIgniter\View\View->render('portals/monthly...', Array, true)
#2 C:\xampp\htdocs\techorigin_works\codeigniter_app\app\Controllers\Portals.php(35): view('portals/monthly...')
#3 C:\xampp\htdocs\techorigin_works\codeigniter_app\vendor\codeigniter4\framework\system\CodeIgniter.php(918): App\Controllers\Portals->monthlySlips('2563', '8')
#4 C:\xampp\htdocs\techorigin_works\codeigniter_app\vendor\codeigniter4\framework\system\CodeIgniter.php(404): CodeIgniter\CodeIgniter->runController(Object(App\Controllers\Portals))
#5 C:\xampp\htdocs\techorigin_works\codeigniter_app\vendor\codeigniter4\framework\system\CodeIgniter.php(312): CodeIgniter\CodeIgniter->handleRequest(NULL, Object(Config\Cache), false)
#6 C:\xampp\htdocs\techorigin_works\codeigniter_app\public\index.php(45): CodeIgniter\CodeIgniter->run()
#7 C:\xampp\htdocs\techorigin_works\codeigniter_app\vendor\codeigniter4\framework\system\Commands\Server\rewrite.php(34): require_once('C:\\xampp\\htdocs...')
#8 {main}
CRITICAL - 2020-09-29 10:34:58 --> Undefined index: view_count
#0 C:\xampp\htdocs\techorigin_works\codeigniter_app\app\Views\portals\monthly-slips.php(48): CodeIgniter\Debug\Exceptions->errorHandler(8, 'Undefined index...', 'C:\\xampp\\htdocs...', 48, Array)
#1 C:\xampp\htdocs\techorigin_works\codeigniter_app\vendor\codeigniter4\framework\system\View\View.php(246): include('C:\\xampp\\htdocs...')
#2 C:\xampp\htdocs\techorigin_works\codeigniter_app\vendor\codeigniter4\framework\system\Common.php(1119): CodeIgniter\View\View->render('portals/monthly...', Array, true)
#3 C:\xampp\htdocs\techorigin_works\codeigniter_app\app\Controllers\Portals.php(35): view('portals/monthly...')
#4 C:\xampp\htdocs\techorigin_works\codeigniter_app\vendor\codeigniter4\framework\system\CodeIgniter.php(918): App\Controllers\Portals->monthlySlips('2563', '8')
#5 C:\xampp\htdocs\techorigin_works\codeigniter_app\vendor\codeigniter4\framework\system\CodeIgniter.php(404): CodeIgniter\CodeIgniter->runController(Object(App\Controllers\Portals))
#6 C:\xampp\htdocs\techorigin_works\codeigniter_app\vendor\codeigniter4\framework\system\CodeIgniter.php(312): CodeIgniter\CodeIgniter->handleRequest(NULL, Object(Config\Cache), false)
#7 C:\xampp\htdocs\techorigin_works\codeigniter_app\public\index.php(45): CodeIgniter\CodeIgniter->run()
#8 C:\xampp\htdocs\techorigin_works\codeigniter_app\vendor\codeigniter4\framework\system\Commands\Server\rewrite.php(34): require_once('C:\\xampp\\htdocs...')
#9 {main}
CRITICAL - 2020-09-29 10:35:08 --> Undefined index: view_count
#0 C:\xampp\htdocs\techorigin_works\codeigniter_app\app\Views\portals\monthly-slips.php(48): CodeIgniter\Debug\Exceptions->errorHandler(8, 'Undefined index...', 'C:\\xampp\\htdocs...', 48, Array)
#1 C:\xampp\htdocs\techorigin_works\codeigniter_app\vendor\codeigniter4\framework\system\View\View.php(246): include('C:\\xampp\\htdocs...')
#2 C:\xampp\htdocs\techorigin_works\codeigniter_app\vendor\codeigniter4\framework\system\Common.php(1119): CodeIgniter\View\View->render('portals/monthly...', Array, true)
#3 C:\xampp\htdocs\techorigin_works\codeigniter_app\app\Controllers\Portals.php(35): view('portals/monthly...')
#4 C:\xampp\htdocs\techorigin_works\codeigniter_app\vendor\codeigniter4\framework\system\CodeIgniter.php(918): App\Controllers\Portals->monthlySlips('2563', '8')
#5 C:\xampp\htdocs\techorigin_works\codeigniter_app\vendor\codeigniter4\framework\system\CodeIgniter.php(404): CodeIgniter\CodeIgniter->runController(Object(App\Controllers\Portals))
#6 C:\xampp\htdocs\techorigin_works\codeigniter_app\vendor\codeigniter4\framework\system\CodeIgniter.php(312): CodeIgniter\CodeIgniter->handleRequest(NULL, Object(Config\Cache), false)
#7 C:\xampp\htdocs\techorigin_works\codeigniter_app\public\index.php(45): CodeIgniter\CodeIgniter->run()
#8 C:\xampp\htdocs\techorigin_works\codeigniter_app\vendor\codeigniter4\framework\system\Commands\Server\rewrite.php(34): require_once('C:\\xampp\\htdocs...')
#9 {main}
CRITICAL - 2020-09-29 10:36:11 --> Undefined index: 
#0 C:\xampp\htdocs\techorigin_works\codeigniter_app\app\Views\portals\slip-view.php(127): CodeIgniter\Debug\Exceptions->errorHandler(8, 'Undefined index...', 'C:\\xampp\\htdocs...', 127, Array)
#1 C:\xampp\htdocs\techorigin_works\codeigniter_app\vendor\codeigniter4\framework\system\View\View.php(246): include('C:\\xampp\\htdocs...')
#2 C:\xampp\htdocs\techorigin_works\codeigniter_app\vendor\codeigniter4\framework\system\Common.php(1119): CodeIgniter\View\View->render('portals/slip-vi...', Array, true)
#3 C:\xampp\htdocs\techorigin_works\codeigniter_app\app\Controllers\Portals.php(50): view('portals/slip-vi...')
#4 C:\xampp\htdocs\techorigin_works\codeigniter_app\vendor\codeigniter4\framework\system\CodeIgniter.php(918): App\Controllers\Portals->slipView('363')
#5 C:\xampp\htdocs\techorigin_works\codeigniter_app\vendor\codeigniter4\framework\system\CodeIgniter.php(404): CodeIgniter\CodeIgniter->runController(Object(App\Controllers\Portals))
#6 C:\xampp\htdocs\techorigin_works\codeigniter_app\vendor\codeigniter4\framework\system\CodeIgniter.php(312): CodeIgniter\CodeIgniter->handleRequest(NULL, Object(Config\Cache), false)
#7 C:\xampp\htdocs\techorigin_works\codeigniter_app\public\index.php(45): CodeIgniter\CodeIgniter->run()
#8 C:\xampp\htdocs\techorigin_works\codeigniter_app\vendor\codeigniter4\framework\system\Commands\Server\rewrite.php(34): require_once('C:\\xampp\\htdocs...')
#9 {main}
CRITICAL - 2020-09-29 10:37:50 --> Undefined index: 
#0 C:\xampp\htdocs\techorigin_works\codeigniter_app\app\Views\portals\slip-view.php(129): CodeIgniter\Debug\Exceptions->errorHandler(8, 'Undefined index...', 'C:\\xampp\\htdocs...', 129, Array)
#1 C:\xampp\htdocs\techorigin_works\codeigniter_app\vendor\codeigniter4\framework\system\View\View.php(246): include('C:\\xampp\\htdocs...')
#2 C:\xampp\htdocs\techorigin_works\codeigniter_app\vendor\codeigniter4\framework\system\Common.php(1119): CodeIgniter\View\View->render('portals/slip-vi...', Array, true)
#3 C:\xampp\htdocs\techorigin_works\codeigniter_app\app\Controllers\Portals.php(50): view('portals/slip-vi...')
#4 C:\xampp\htdocs\techorigin_works\codeigniter_app\vendor\codeigniter4\framework\system\CodeIgniter.php(918): App\Controllers\Portals->slipView('363')
#5 C:\xampp\htdocs\techorigin_works\codeigniter_app\vendor\codeigniter4\framework\system\CodeIgniter.php(404): CodeIgniter\CodeIgniter->runController(Object(App\Controllers\Portals))
#6 C:\xampp\htdocs\techorigin_works\codeigniter_app\vendor\codeigniter4\framework\system\CodeIgniter.php(312): CodeIgniter\CodeIgniter->handleRequest(NULL, Object(Config\Cache), false)
#7 C:\xampp\htdocs\techorigin_works\codeigniter_app\public\index.php(45): CodeIgniter\CodeIgniter->run()
#8 C:\xampp\htdocs\techorigin_works\codeigniter_app\vendor\codeigniter4\framework\system\Commands\Server\rewrite.php(34): require_once('C:\\xampp\\htdocs...')
#9 {main}
CRITICAL - 2020-09-29 10:38:08 --> Call to undefined function money_format()
#0 C:\xampp\htdocs\techorigin_works\codeigniter_app\vendor\codeigniter4\framework\system\View\View.php(246): include()
#1 C:\xampp\htdocs\techorigin_works\codeigniter_app\vendor\codeigniter4\framework\system\Common.php(1119): CodeIgniter\View\View->render('portals/slip-vi...', Array, true)
#2 C:\xampp\htdocs\techorigin_works\codeigniter_app\app\Controllers\Portals.php(50): view('portals/slip-vi...')
#3 C:\xampp\htdocs\techorigin_works\codeigniter_app\vendor\codeigniter4\framework\system\CodeIgniter.php(918): App\Controllers\Portals->slipView('363')
#4 C:\xampp\htdocs\techorigin_works\codeigniter_app\vendor\codeigniter4\framework\system\CodeIgniter.php(404): CodeIgniter\CodeIgniter->runController(Object(App\Controllers\Portals))
#5 C:\xampp\htdocs\techorigin_works\codeigniter_app\vendor\codeigniter4\framework\system\CodeIgniter.php(312): CodeIgniter\CodeIgniter->handleRequest(NULL, Object(Config\Cache), false)
#6 C:\xampp\htdocs\techorigin_works\codeigniter_app\public\index.php(45): CodeIgniter\CodeIgniter->run()
#7 C:\xampp\htdocs\techorigin_works\codeigniter_app\vendor\codeigniter4\framework\system\Commands\Server\rewrite.php(34): require_once('C:\\xampp\\htdocs...')
#8 {main}
CRITICAL - 2020-09-29 10:38:28 --> Undefined index: 
#0 C:\xampp\htdocs\techorigin_works\codeigniter_app\app\Views\portals\slip-view.php(127): CodeIgniter\Debug\Exceptions->errorHandler(8, 'Undefined index...', 'C:\\xampp\\htdocs...', 127, Array)
#1 C:\xampp\htdocs\techorigin_works\codeigniter_app\vendor\codeigniter4\framework\system\View\View.php(246): include('C:\\xampp\\htdocs...')
#2 C:\xampp\htdocs\techorigin_works\codeigniter_app\vendor\codeigniter4\framework\system\Common.php(1119): CodeIgniter\View\View->render('portals/slip-vi...', Array, true)
#3 C:\xampp\htdocs\techorigin_works\codeigniter_app\app\Controllers\Portals.php(50): view('portals/slip-vi...')
#4 C:\xampp\htdocs\techorigin_works\codeigniter_app\vendor\codeigniter4\framework\system\CodeIgniter.php(918): App\Controllers\Portals->slipView('363')
#5 C:\xampp\htdocs\techorigin_works\codeigniter_app\vendor\codeigniter4\framework\system\CodeIgniter.php(404): CodeIgniter\CodeIgniter->runController(Object(App\Controllers\Portals))
#6 C:\xampp\htdocs\techorigin_works\codeigniter_app\vendor\codeigniter4\framework\system\CodeIgniter.php(312): CodeIgniter\CodeIgniter->handleRequest(NULL, Object(Config\Cache), false)
#7 C:\xampp\htdocs\techorigin_works\codeigniter_app\public\index.php(45): CodeIgniter\CodeIgniter->run()
#8 C:\xampp\htdocs\techorigin_works\codeigniter_app\vendor\codeigniter4\framework\system\Commands\Server\rewrite.php(34): require_once('C:\\xampp\\htdocs...')
#9 {main}
CRITICAL - 2020-09-29 10:38:57 --> Undefined index: 
#0 C:\xampp\htdocs\techorigin_works\codeigniter_app\app\Views\portals\slip-view.php(129): CodeIgniter\Debug\Exceptions->errorHandler(8, 'Undefined index...', 'C:\\xampp\\htdocs...', 129, Array)
#1 C:\xampp\htdocs\techorigin_works\codeigniter_app\vendor\codeigniter4\framework\system\View\View.php(246): include('C:\\xampp\\htdocs...')
#2 C:\xampp\htdocs\techorigin_works\codeigniter_app\vendor\codeigniter4\framework\system\Common.php(1119): CodeIgniter\View\View->render('portals/slip-vi...', Array, true)
#3 C:\xampp\htdocs\techorigin_works\codeigniter_app\app\Controllers\Portals.php(50): view('portals/slip-vi...')
#4 C:\xampp\htdocs\techorigin_works\codeigniter_app\vendor\codeigniter4\framework\system\CodeIgniter.php(918): App\Controllers\Portals->slipView('363')
#5 C:\xampp\htdocs\techorigin_works\codeigniter_app\vendor\codeigniter4\framework\system\CodeIgniter.php(404): CodeIgniter\CodeIgniter->runController(Object(App\Controllers\Portals))
#6 C:\xampp\htdocs\techorigin_works\codeigniter_app\vendor\codeigniter4\framework\system\CodeIgniter.php(312): CodeIgniter\CodeIgniter->handleRequest(NULL, Object(Config\Cache), false)
#7 C:\xampp\htdocs\techorigin_works\codeigniter_app\public\index.php(45): CodeIgniter\CodeIgniter->run()
#8 C:\xampp\htdocs\techorigin_works\codeigniter_app\vendor\codeigniter4\framework\system\Commands\Server\rewrite.php(34): require_once('C:\\xampp\\htdocs...')
#9 {main}
CRITICAL - 2020-09-29 10:44:45 --> Allowed fields must be specified for model: App\Models\SlipModel
#0 C:\xampp\htdocs\techorigin_works\codeigniter_app\vendor\codeigniter4\framework\system\Model.php(1265): CodeIgniter\Database\Exceptions\DataException::forInvalidAllowedFields('App\\Models\\Slip...')
#1 C:\xampp\htdocs\techorigin_works\codeigniter_app\vendor\codeigniter4\framework\system\Model.php(870): CodeIgniter\Model->doProtectFields(Array)
#2 C:\xampp\htdocs\techorigin_works\codeigniter_app\app\Controllers\Portals.php(51): CodeIgniter\Model->update()
#3 C:\xampp\htdocs\techorigin_works\codeigniter_app\vendor\codeigniter4\framework\system\CodeIgniter.php(918): App\Controllers\Portals->slipView('363')
#4 C:\xampp\htdocs\techorigin_works\codeigniter_app\vendor\codeigniter4\framework\system\CodeIgniter.php(404): CodeIgniter\CodeIgniter->runController(Object(App\Controllers\Portals))
#5 C:\xampp\htdocs\techorigin_works\codeigniter_app\vendor\codeigniter4\framework\system\CodeIgniter.php(312): CodeIgniter\CodeIgniter->handleRequest(NULL, Object(Config\Cache), false)
#6 C:\xampp\htdocs\techorigin_works\codeigniter_app\public\index.php(45): CodeIgniter\CodeIgniter->run()
#7 C:\xampp\htdocs\techorigin_works\codeigniter_app\vendor\codeigniter4\framework\system\Commands\Server\rewrite.php(34): require_once('C:\\xampp\\htdocs...')
#8 {main}
